<?xml version="1.0" encoding="UTF-8"?>
<testsuite name="consume health check endpoint to confirm whether the API is up and running" tests="1" skipped="0" failures="0" errors="0" timestamp="2023-03-01T19:09:27" hostname="LAPTOP-JUT4BMHG" time="0.494">
  <properties/>
  <testcase name="confirm whether the api is up and running" classname="consume health check endpoint to confirm whether the API is up and running" time="0.494"/>
  <system-out><![CDATA[]]></system-out>
  <system-err><![CDATA[[Test worker] INFO net.thucydides.core.steps.ConsoleLoggingListener - 
        __    _____ _____ ____ _____   ____   _    ____  ____  _____ ____  
  _     \ \  |_   _| ____/ ___|_   _| |  _ \ / \  / ___|/ ___|| ____|  _ \ 
 (_)_____| |   | | |  _| \___ \ | |   | |_) / _ \ \___ \\___ \|  _| | | | |
  _|_____| |   | | | |___ ___) || |   |  __/ ___ \ ___) |___) | |___| |_| |
 (_)     | |   |_| |_____|____/ |_|   |_| /_/   \_\____/|____/|_____|____/ 
        /_/                                                                

TEST PASSED: confirm whether the api is up and running
----------------------------------------------------------------------------
]]></system-err>
</testsuite>
