<?xml version="1.0" encoding="UTF-8"?>
<testsuite name="creates a new auth token to use for access to the PUT and DELETE booking" tests="1" skipped="0" failures="0" errors="0" timestamp="2023-03-01T19:09:15" hostname="LAPTOP-JUT4BMHG" time="3.744">
  <properties/>
  <testcase name="create a new authorization token" classname="creates a new auth token to use for access to the PUT and DELETE booking" time="3.744"/>
  <system-out><![CDATA[]]></system-out>
  <system-err><![CDATA[[Test worker] INFO net.thucydides.core.steps.ConsoleLoggingListener - 
        __    _____ _____ ____ _____   ____   _    ____  ____  _____ ____  
  _     \ \  |_   _| ____/ ___|_   _| |  _ \ / \  / ___|/ ___|| ____|  _ \ 
 (_)_____| |   | | |  _| \___ \ | |   | |_) / _ \ \___ \\___ \|  _| | | | |
  _|_____| |   | | | |___ ___) || |   |  __/ ___ \ ___) |___) | |___| |_| |
 (_)     | |   |_| |_____|____/ |_|   |_| /_/   \_\____/|____/|_____|____/ 
        /_/                                                                

TEST PASSED: create a new authorization token
----------------------------------------------------------------------------
]]></system-err>
</testsuite>
